<?xml version="1.0" encoding="UTF-8" ?>
<testsuite failures="0" time="0.029" errors="0" skipped="0" tests="1" name="com.synaptik.athena.AppTest">
  <properties>
    <property name="java.vendor" value="Sun Microsystems Inc."/>
    <property name="localRepository" value="C:\Users\dan\.m2\repository"/>
    <property name="sun.java.launcher" value="SUN_STANDARD"/>
    <property name="sun.management.compiler" value="HotSpot Client Compiler"/>
    <property name="env.PROMPT" value="$P$G"/>
    <property name="os.name" value="Windows 7"/>
    <property name="env.FP_NO_HOST_CHECK" value="NO"/>
    <property name="sun.boot.class.path" value="c:\devtools\jdk1.6.0_17\jre\lib\resources.jar;c:\devtools\jdk1.6.0_17\jre\lib\rt.jar;c:\devtools\jdk1.6.0_17\jre\lib\sunrsasign.jar;c:\devtools\jdk1.6.0_17\jre\lib\jsse.jar;c:\devtools\jdk1.6.0_17\jre\lib\jce.jar;c:\devtools\jdk1.6.0_17\jre\lib\charsets.jar;c:\devtools\jdk1.6.0_17\jre\classes"/>
    <property name="env.COMPUTERNAME" value="FUCAD"/>
    <property name="env.CommonProgramW6432" value="C:\Program Files\Common Files"/>
    <property name="env.ALLUSERSPROFILE" value="C:\ProgramData"/>
    <property name="sun.desktop" value="windows"/>
    <property name="java.vm.specification.vendor" value="Sun Microsystems Inc."/>
    <property name="java.runtime.version" value="1.6.0_17-b04"/>
    <property name="env.HOMEPATH" value="\Users\dan"/>
    <property name="user.name" value="dan"/>
    <property name="user.language" value="en"/>
    <property name="sun.boot.library.path" value="c:\devtools\jdk1.6.0_17\jre\bin"/>
    <property name="classworlds.conf" value="C:\Users\dan\workspace\.metadata\.plugins\org.maven.ide.eclipse\launches\m2conf4923983937208466253.tmp"/>
    <property name="java.version" value="1.6.0_17"/>
    <property name="env.PROCESSOR_IDENTIFIER" value="AMD64 Family 15 Model 67 Stepping 3, AuthenticAMD"/>
    <property name="user.timezone" value=""/>
    <property name="env.TEMP" value="C:\Users\dan\AppData\Local\Temp"/>
    <property name="sun.arch.data.model" value="32"/>
    <property name="java.endorsed.dirs" value="c:\devtools\jdk1.6.0_17\jre\lib\endorsed"/>
    <property name="env.PROCESSOR_ARCHITEW6432" value="AMD64"/>
    <property name="sun.cpu.isalist" value=""/>
    <property name="env.HOMEDRIVE" value="C:"/>
    <property name="sun.jnu.encoding" value="Cp1252"/>
    <property name="file.encoding.pkg" value="sun.io"/>
    <property name="file.separator" value="\"/>
    <property name="java.specification.name" value="Java Platform API Specification"/>
    <property name="env.GROOVY_HOME" value="C:\devtools\groovy-1.6.7"/>
    <property name="java.class.version" value="50.0"/>
    <property name="user.country" value="US"/>
    <property name="java.home" value="c:\devtools\jdk1.6.0_17\jre"/>
    <property name="env.PSModulePath" value="C:\Windows\system32\WindowsPowerShell\v1.0\Modules\"/>
    <property name="env.APPDATA" value="C:\Users\dan\AppData\Roaming"/>
    <property name="env.PUBLIC" value="C:\Users\Public"/>
    <property name="java.vm.info" value="mixed mode, sharing"/>
    <property name="env.ComSpec" value="C:\Windows\system32\cmd.exe"/>
    <property name="env.OS" value="Windows_NT"/>
    <property name="env.CommonProgramFiles" value="C:\Program Files (x86)\Common Files"/>
    <property name="os.version" value="6.1"/>
    <property name="env.ProgramW6432" value="C:\Program Files"/>
    <property name="path.separator" value=";"/>
    <property name="java.vm.version" value="14.3-b01"/>
    <property name="env.USERPROFILE" value="C:\Users\dan"/>
    <property name="user.variant" value=""/>
    <property name="env.JAVA_HOME" value="C:\devtools\jdk1.6.0_17"/>
    <property name="java.awt.printerjob" value="sun.awt.windows.WPrinterJob"/>
    <property name="env.TMP" value="C:\Users\dan\AppData\Local\Temp"/>
    <property name="sun.io.unicode.encoding" value="UnicodeLittle"/>
    <property name="awt.toolkit" value="sun.awt.windows.WToolkit"/>
    <property name="user.home" value="C:\Users\dan"/>
    <property name="env.ProgramData" value="C:\ProgramData"/>
    <property name="env.SESSIONNAME" value="Console"/>
    <property name="env.ProgramFiles(x86)" value="C:\Program Files (x86)"/>
    <property name="java.specification.vendor" value="Sun Microsystems Inc."/>
    <property name="env.NUMBER_OF_PROCESSORS" value="2"/>
    <property name="java.library.path" value="c:\devtools\jdk1.6.0_17\bin;.;C:\Windows\Sun\Java\bin;C:\Windows\system32;C:\Windows;C:/Program Files (x86)/Java/jre6/bin/client;C:/Program Files (x86)/Java/jre6/bin;C:\devtools\Ruby\bin;C:\Windows\system32;C:\Windows;C:\Windows\System32\Wbem;C:\Windows\System32\WindowsPowerShell\v1.0\;C:\devtools\SlikSvn\bin\;c:\devtools\git\cmd;C:\Users\dan\bin;C:\devtools\jdk1.6.0_17\bin;C:\devtools\apache-ant-1.7.1\bin;C:\devtools\groovy-1.6.7\bin;C:\devtools\grails-1.2.0\bin;C:\devtools\android-sdk-windows\tools;C:\devtools\Ruby\bin;C:\Windows\system32;C:\Windows;C:\Windows\System32\Wbem;C:\Windows\System32\WindowsPowerShell\v1.0\;C:\devtools\SlikSvn\bin\;c:\devtools\git\cmd"/>
    <property name="java.vendor.url" value="http://java.sun.com/"/>
    <property name="java.vm.vendor" value="Sun Microsystems Inc."/>
    <property name="maven.home" value="EMBEDDED"/>
    <property name="java.runtime.name" value="Java(TM) SE Runtime Environment"/>
    <property name="java.class.path" value="/C:/devtools/eclipse/plugins/org.maven.ide.components.maven_embedder_2.1.0.20080530-2300/jars/plexus-classworlds-1.2-alpha-12.jar"/>
    <property name="java.vm.specification.name" value="Java Virtual Machine Specification"/>
    <property name="env.LOGONSERVER" value="\\FUCAD"/>
    <property name="env.windir" value="C:\Windows"/>
    <property name="java.vm.specification.version" value="1.0"/>
    <property name="env.PROCESSOR_ARCHITECTURE" value="x86"/>
    <property name="m2eclipse.workspace.state" value="C:\Users\dan\workspace\.metadata\.plugins\org.maven.ide.eclipse\workspacestate.properties"/>
    <property name="sun.os.patch.level" value=""/>
    <property name="sun.cpu.endian" value="little"/>
    <property name="env.ProgramFiles" value="C:\Program Files (x86)"/>
    <property name="env.ANT_HOME" value="C:\devtools\apache-ant-1.7.1"/>
    <property name="surefire.test.class.path" value="C:\Users\dan\workspace\athena\target\test-classes;C:\Users\dan\workspace\athena\target\classes;C:\Users\dan\.m2\repository\junit\junit\4.8.1\junit-4.8.1.jar;C:\Users\dan\.m2\repository\android\android\1.6\android-1.6.jar;"/>
    <property name="java.io.tmpdir" value="C:\Users\dan\AppData\Local\Temp\"/>
    <property name="env.PROCESSOR_REVISION" value="4303"/>
    <property name="env.CommonProgramFiles(x86)" value="C:\Program Files (x86)\Common Files"/>
    <property name="java.vendor.url.bug" value="http://java.sun.com/cgi-bin/bugreport.cgi"/>
    <property name="env.SystemRoot" value="C:\Windows"/>
    <property name="java.awt.graphicsenv" value="sun.awt.Win32GraphicsEnvironment"/>
    <property name="os.arch" value="x86"/>
    <property name="java.ext.dirs" value="c:\devtools\jdk1.6.0_17\jre\lib\ext;C:\Windows\Sun\Java\lib\ext"/>
    <property name="user.dir" value="C:\Users\dan\workspace\athena"/>
    <property name="env.LOCALAPPDATA" value="C:\Users\dan\AppData\Local"/>
    <property name="line.separator" value="
"/>
    <property name="java.vm.name" value="Java HotSpot(TM) Client VM"/>
    <property name="env.PATHEXT" value=".COM;.EXE;.BAT;.CMD;.VBS;.VBE;.JS;.JSE;.WSF;.WSH;.MSC;.RB;.RBW"/>
    <property name="env.Path" value="C:/Program Files (x86)/Java/jre6/bin/client;C:/Program Files (x86)/Java/jre6/bin;C:\devtools\Ruby\bin;C:\Windows\system32;C:\Windows;C:\Windows\System32\Wbem;C:\Windows\System32\WindowsPowerShell\v1.0\;C:\devtools\SlikSvn\bin\;c:\devtools\git\cmd;C:\Users\dan\bin;C:\devtools\jdk1.6.0_17\bin;C:\devtools\apache-ant-1.7.1\bin;C:\devtools\groovy-1.6.7\bin;C:\devtools\grails-1.2.0\bin;C:\devtools\android-sdk-windows\tools;C:\devtools\Ruby\bin;C:\Windows\system32;C:\Windows;C:\Windows\System32\Wbem;C:\Windows\System32\WindowsPowerShell\v1.0\;C:\devtools\SlikSvn\bin\;c:\devtools\git\cmd"/>
    <property name="env.EDITOR" value="notepad"/>
    <property name="basedir" value="C:\Users\dan\workspace\athena"/>
    <property name="maven.mode.standalone" value="true"/>
    <property name="env.USERNAME" value="dan"/>
    <property name="env.SystemDrive" value="C:"/>
    <property name="file.encoding" value="Cp1252"/>
    <property name="env.GRAILS_HOME" value="C:\devtools\grails-1.2.0"/>
    <property name="env.USERDOMAIN" value="fucad"/>
    <property name="java.specification.version" value="1.6"/>
    <property name="env.PROCESSOR_LEVEL" value="15"/>
  </properties>
  <testcase time="0.004" classname="com.synaptik.athena.AppTest" name="testApp"/>
</testsuite>